0 info it worked if it ends with ok
1 verbose cli [ 'C:\\Program Files\\nodejs\\node.exe',
1 verbose cli   'C:\\Program Files\\nodejs\\node_modules\\npm\\bin\\npm-cli.js',
1 verbose cli   'install',
1 verbose cli   'browser-sync',
1 verbose cli   'save-dev' ]
2 info using npm@3.3.6
3 info using node@v5.0.0
4 silly loadCurrentTree Starting
5 silly install loadCurrentTree
6 silly install readLocalPackageData
7 silly fetchPackageMetaData browser-sync
8 silly fetchPackageMetaData save-dev
9 silly fetchNamedPackageData browser-sync
10 silly mapToRegistry name browser-sync
11 silly mapToRegistry using default registry
12 silly mapToRegistry registry https://registry.npmjs.org/
13 silly mapToRegistry uri https://registry.npmjs.org/browser-sync
14 silly fetchNamedPackageData save-dev
15 silly mapToRegistry name save-dev
16 silly mapToRegistry using default registry
17 silly mapToRegistry registry https://registry.npmjs.org/
18 silly mapToRegistry uri https://registry.npmjs.org/save-dev
19 verbose request uri https://registry.npmjs.org/save-dev
20 verbose request no auth needed
21 info attempt registry request try #1 at 3:50:31 PM
22 verbose request id 06d8e48300cdfd6f
23 http request GET https://registry.npmjs.org/save-dev
24 verbose get https://registry.npmjs.org/browser-sync not expired, no request
25 info retry will retry, error on last attempt: Error: certificate is not yet valid
26 info attempt registry request try #2 at 3:50:41 PM
27 http request GET https://registry.npmjs.org/save-dev
28 info retry will retry, error on last attempt: Error: certificate is not yet valid
29 info attempt registry request try #3 at 3:51:42 PM
30 http request GET https://registry.npmjs.org/save-dev
31 silly fetchPackageMetaData Error: certificate is not yet valid
31 silly fetchPackageMetaData     at Error (native)
31 silly fetchPackageMetaData     at TLSSocket.<anonymous> (_tls_wrap.js:1044:38)
31 silly fetchPackageMetaData     at emitNone (events.js:67:13)
31 silly fetchPackageMetaData     at TLSSocket.emit (events.js:166:7)
31 silly fetchPackageMetaData     at TLSSocket._finishInit (_tls_wrap.js:581:8)
31 silly fetchPackageMetaData  error for save-dev { [Error: certificate is not yet valid] code: 'CERT_NOT_YET_VALID' }
32 silly rollbackFailedOptional Starting
33 silly rollbackFailedOptional Finishing
34 silly runTopLevelLifecycles Starting
35 silly runTopLevelLifecycles Finishing
36 silly install printInstalled
37 verbose stack Error: certificate is not yet valid
37 verbose stack     at Error (native)
37 verbose stack     at TLSSocket.<anonymous> (_tls_wrap.js:1044:38)
37 verbose stack     at emitNone (events.js:67:13)
37 verbose stack     at TLSSocket.emit (events.js:166:7)
37 verbose stack     at TLSSocket._finishInit (_tls_wrap.js:581:8)
38 verbose cwd C:\Users\bernieP\desktop\uda-fed\web-opt
39 error Windows_NT 6.1.7601
40 error argv "C:\\Program Files\\nodejs\\node.exe" "C:\\Program Files\\nodejs\\node_modules\\npm\\bin\\npm-cli.js" "install" "browser-sync" "save-dev"
41 error node v5.0.0
42 error npm  v3.3.6
43 error code CERT_NOT_YET_VALID
44 error certificate is not yet valid
45 error If you need help, you may report this error at:
45 error     <https://github.com/npm/npm/issues>
46 verbose exit [ 1, true ]
